2025-09-02 10:40:34 INFO  [JavaFX Application Thread] c.e.mentis.application.DataManager - data folder found: /Users/simonjackel/IdeaProjects/Mentis/mentisData
2025-09-02 10:40:34 WARN  [JavaFX Application Thread] c.e.m.application.MentisApplication - starting application on 2025-09-02T10:40:34.841778
2025-09-02 10:40:34 INFO  [Thread-4] c.e.mentis.application.DataManager - starting task
2025-09-02 10:40:34 INFO  [Thread-4] c.e.mentis.application.DataManager - found 2 projects
2025-09-02 10:41:37 INFO  [JavaFX Application Thread] c.e.mentis.business.data.Project - New Member with id: 12
2025-09-02 10:41:47 INFO  [JavaFX Application Thread] c.e.m.p.c.NewExamOverlayController - selected File: /Users/simonjackel/Downloads/overlay.jpeg
2025-09-02 10:41:48 INFO  [JavaFX Application Thread] c.e.mentis.business.data.Member - New Examination with exam a
2025-09-02 10:41:50 INFO  [JavaFX Application Thread] c.e.m.p.c.ExamViewController - searching overlay here: file:/Users/simonjackel/Downloads/overlay.jpeg
2025-09-02 10:54:28 INFO  [JavaFX Application Thread] c.e.mentis.application.DataManager - data folder found: /Users/simonjackel/IdeaProjects/Mentis/mentisData
2025-09-02 10:54:28 WARN  [JavaFX Application Thread] c.e.m.application.MentisApplication - starting application on 2025-09-02T10:54:28.649802
2025-09-02 10:54:28 INFO  [Thread-4] c.e.mentis.application.DataManager - starting task
2025-09-02 10:54:28 INFO  [Thread-4] c.e.mentis.application.DataManager - found 2 projects
2025-09-02 10:55:11 INFO  [JavaFX Application Thread] c.e.m.p.c.ExamViewController - searching overlay here: file:/Users/simonjackel/Downloads/overlay.jpeg
2025-09-02 10:56:02 INFO  [JavaFX Application Thread] c.e.mentis.application.DataManager - data folder found: /Users/simonjackel/IdeaProjects/Mentis/mentisData
2025-09-02 10:56:02 WARN  [JavaFX Application Thread] c.e.m.application.MentisApplication - 

starting application on 2025-09-02T10:56:02.766880
2025-09-02 10:56:02 INFO  [Thread-4] c.e.mentis.application.DataManager - starting task
2025-09-02 10:56:02 INFO  [Thread-4] c.e.mentis.application.DataManager - found 2 projects
2025-09-02 10:58:57 INFO  [JavaFX Application Thread] c.e.mentis.application.DataManager - data folder found: /Users/simonjackel/IdeaProjects/Mentis/mentisData
2025-09-02 10:58:57 INFO  [Thread-4] c.e.mentis.application.DataManager - starting task
2025-09-02 10:58:57 INFO  [Thread-4] c.e.mentis.application.DataManager - found 2 projects
2025-09-02 10:59:16 INFO  [JavaFX Application Thread] c.e.mentis.application.DataManager - data folder found: /Users/simonjackel/IdeaProjects/Mentis/mentisData
2025-09-02 10:59:16 INFO  [Thread-4] c.e.mentis.application.DataManager - starting task
2025-09-02 10:59:16 INFO  [Thread-4] c.e.mentis.application.DataManager - found 2 projects
2025-09-02 11:19:33 INFO  [JavaFX Application Thread] c.e.mentis.application.DataManager - data folder found: /Users/simonjackel/IdeaProjects/Mentis/mentisData
2025-09-02 11:19:33 INFO  [Thread-4] c.e.mentis.application.DataManager - starting task
2025-09-02 11:19:33 INFO  [Thread-4] c.e.mentis.application.DataManager - found 2 projects
2025-09-02 11:19:52 INFO  [JavaFX Application Thread] c.e.m.p.c.ExamViewController - searching overlay here: file:/Users/simonjackel/Downloads/overlay.jpeg
2025-09-02 11:22:15 INFO  [JavaFX Application Thread] c.e.mentis.application.DataManager - data folder found: /Users/simonjackel/IdeaProjects/Mentis/mentisData
2025-09-02 11:22:15 INFO  [Thread-4] c.e.mentis.application.DataManager - starting task
2025-09-02 11:22:15 INFO  [Thread-4] c.e.mentis.application.DataManager - found 2 projects
2025-09-02 11:22:24 INFO  [JavaFX Application Thread] c.e.m.p.c.ExamViewController - searching overlay here: file:/Users/simonjackel/Downloads/overlay.jpeg
2025-09-02 11:24:37 INFO  [JavaFX Application Thread] c.e.mentis.application.DataManager - data folder found: /Users/simonjackel/IdeaProjects/Mentis/mentisData
2025-09-02 11:24:38 INFO  [Thread-4] c.e.mentis.application.DataManager - starting task
2025-09-02 11:24:38 INFO  [Thread-4] c.e.mentis.application.DataManager - found 2 projects
2025-09-02 11:24:47 INFO  [JavaFX Application Thread] c.e.m.p.c.ExamViewController - searching overlay here: file:/Users/simonjackel/Downloads/overlay.jpeg
2025-09-02 11:27:20 INFO  [JavaFX Application Thread] c.e.mentis.application.DataManager - data folder found: /Users/simonjackel/IdeaProjects/Mentis/mentisData
2025-09-02 11:27:20 INFO  [Thread-4] c.e.mentis.application.DataManager - starting task
2025-09-02 11:27:20 INFO  [Thread-4] c.e.mentis.application.DataManager - found 2 projects
2025-09-02 11:27:26 INFO  [JavaFX Application Thread] c.e.m.p.c.ExamViewController - searching overlay here: file:/Users/simonjackel/Downloads/overlay.jpeg
2025-09-02 11:32:51 INFO  [JavaFX Application Thread] c.e.mentis.application.DataManager - data folder found: /Users/simonjackel/IdeaProjects/Mentis/mentisData
2025-09-02 11:32:51 INFO  [Thread-4] c.e.mentis.application.DataManager - starting task
2025-09-02 11:32:51 INFO  [Thread-4] c.e.mentis.application.DataManager - found 2 projects
2025-09-02 11:32:56 INFO  [JavaFX Application Thread] c.e.m.p.c.ExamViewController - searching overlay here: file:/Users/simonjackel/Downloads/overlay.jpeg
2025-09-02 11:34:46 INFO  [JavaFX Application Thread] c.e.mentis.application.DataManager - data folder found: /Users/simonjackel/IdeaProjects/Mentis/mentisData
2025-09-02 11:34:47 INFO  [Thread-4] c.e.mentis.application.DataManager - starting task
2025-09-02 11:34:47 INFO  [Thread-4] c.e.mentis.application.DataManager - found 2 projects
2025-09-02 11:35:16 INFO  [JavaFX Application Thread] c.e.m.p.c.ExamViewController - searching overlay here: file:/Users/simonjackel/Downloads/overlay.jpeg
2025-09-02 11:36:52 INFO  [JavaFX Application Thread] c.e.mentis.application.DataManager - data folder found: /Users/simonjackel/IdeaProjects/Mentis/mentisData
2025-09-02 11:36:52 INFO  [Thread-4] c.e.mentis.application.DataManager - starting task
2025-09-02 11:36:52 INFO  [Thread-4] c.e.mentis.application.DataManager - found 2 projects
2025-09-02 11:36:58 INFO  [JavaFX Application Thread] c.e.m.p.c.ExamViewController - searching overlay here: file:/Users/simonjackel/Downloads/overlay.jpeg
2025-09-02 11:37:46 INFO  [JavaFX Application Thread] c.e.mentis.application.DataManager - data folder found: /Users/simonjackel/IdeaProjects/Mentis/mentisData
2025-09-02 11:37:46 INFO  [Thread-4] c.e.mentis.application.DataManager - starting task
2025-09-02 11:37:46 INFO  [Thread-4] c.e.mentis.application.DataManager - found 2 projects
2025-09-02 11:37:51 INFO  [JavaFX Application Thread] c.e.m.p.c.ExamViewController - searching overlay here: file:/Users/simonjackel/Downloads/overlay.jpeg
2025-09-02 11:40:01 INFO  [JavaFX Application Thread] c.e.mentis.application.DataManager - data folder found: /Users/simonjackel/IdeaProjects/Mentis/mentisData
2025-09-02 11:40:01 INFO  [Thread-4] c.e.mentis.application.DataManager - starting task
2025-09-02 11:40:01 INFO  [Thread-4] c.e.mentis.application.DataManager - found 2 projects
2025-09-02 11:40:05 INFO  [JavaFX Application Thread] c.e.m.p.c.ExamViewController - searching overlay here: file:/Users/simonjackel/Downloads/overlay.jpeg
2025-09-02 11:40:07 ERROR [JavaFX Application Thread] c.e.m.p.c.ExamViewController - here
2025-09-02 11:40:27 ERROR [JavaFX Application Thread] c.e.m.p.c.ExamViewController - here
2025-09-02 11:40:42 ERROR [JavaFX Application Thread] c.e.m.p.c.ExamViewController - here
2025-09-02 11:40:43 ERROR [JavaFX Application Thread] c.e.m.p.c.ExamViewController - here
2025-09-02 11:41:35 INFO  [JavaFX Application Thread] c.e.mentis.application.DataManager - data folder found: /Users/simonjackel/IdeaProjects/Mentis/mentisData
2025-09-02 11:41:35 INFO  [Thread-4] c.e.mentis.application.DataManager - starting task
2025-09-02 11:41:35 INFO  [Thread-4] c.e.mentis.application.DataManager - found 2 projects
2025-09-02 11:41:39 INFO  [JavaFX Application Thread] c.e.m.p.c.ExamViewController - searching overlay here: file:/Users/simonjackel/Downloads/overlay.jpeg
2025-09-02 11:41:41 ERROR [JavaFX Application Thread] c.e.m.p.c.ExamViewController - here
2025-09-02 11:42:40 INFO  [JavaFX Application Thread] c.e.mentis.application.DataManager - data folder found: /Users/simonjackel/IdeaProjects/Mentis/mentisData
2025-09-02 11:42:40 INFO  [Thread-4] c.e.mentis.application.DataManager - starting task
2025-09-02 11:42:40 INFO  [Thread-4] c.e.mentis.application.DataManager - found 2 projects
2025-09-02 11:42:56 INFO  [JavaFX Application Thread] c.e.mentis.business.data.Project - New Member with id: 12
2025-09-02 11:43:04 INFO  [JavaFX Application Thread] c.e.m.p.c.NewExamOverlayController - selected File: /Users/simonjackel/Downloads/overlay.jpeg
2025-09-02 11:43:05 INFO  [JavaFX Application Thread] c.e.mentis.business.data.Member - New Examination with exam A
2025-09-02 11:43:08 INFO  [JavaFX Application Thread] c.e.m.p.c.ExamViewController - searching overlay here: file:/Users/simonjackel/Downloads/overlay.jpeg
2025-09-02 11:44:06 ERROR [JavaFX Application Thread] c.e.m.p.c.ExamViewController - here
2025-09-02 11:50:56 INFO  [JavaFX Application Thread] c.e.mentis.application.DataManager - data folder found: /Users/simonjackel/IdeaProjects/Mentis/mentisData
2025-09-02 11:50:57 INFO  [Thread-4] c.e.mentis.application.DataManager - starting task
2025-09-02 11:50:57 INFO  [Thread-4] c.e.mentis.application.DataManager - found 2 projects
2025-09-02 11:51:02 INFO  [JavaFX Application Thread] c.e.m.p.c.ExamViewController - searching overlay here: file:/Users/simonjackel/Downloads/overlay.jpeg
2025-09-02 11:51:18 INFO  [JavaFX Application Thread] c.e.mentis.application.DataManager - data folder found: /Users/simonjackel/IdeaProjects/Mentis/mentisData
2025-09-02 11:51:18 INFO  [Thread-4] c.e.mentis.application.DataManager - starting task
2025-09-02 11:51:18 INFO  [Thread-4] c.e.mentis.application.DataManager - found 2 projects
2025-09-02 11:51:24 INFO  [JavaFX Application Thread] c.e.m.p.c.ExamViewController - searching overlay here: file:/Users/simonjackel/Downloads/overlay.jpeg
2025-09-02 11:54:12 INFO  [JavaFX Application Thread] c.e.mentis.application.DataManager - data folder found: /Users/simonjackel/IdeaProjects/Mentis/mentisData
2025-09-02 11:54:12 INFO  [Thread-4] c.e.mentis.application.DataManager - starting task
2025-09-02 11:54:12 INFO  [Thread-4] c.e.mentis.application.DataManager - found 2 projects
2025-09-02 11:54:18 INFO  [JavaFX Application Thread] c.e.m.p.c.ExamViewController - searching overlay here: file:/Users/simonjackel/Downloads/overlay.jpeg
2025-09-02 11:57:38 INFO  [JavaFX Application Thread] c.e.mentis.application.DataManager - data folder found: /Users/simonjackel/IdeaProjects/Mentis/mentisData
2025-09-02 11:57:38 INFO  [Thread-4] c.e.mentis.application.DataManager - starting task
2025-09-02 11:57:38 INFO  [Thread-4] c.e.mentis.application.DataManager - found 2 projects
2025-09-02 11:57:43 INFO  [JavaFX Application Thread] c.e.m.p.c.ExamViewController - searching overlay here: file:/Users/simonjackel/Downloads/overlay.jpeg
